2018/05/07 11:21:44 INFO  - jmeter.util.JMeterUtils: Setting Locale to en_US 
2018/05/07 11:21:45 INFO  - jmeter.JMeter: Loading user properties from: /usr/share/jmeter/bin/user.properties 
2018/05/07 11:21:45 INFO  - jmeter.JMeter: Loading system properties from: /usr/share/jmeter/bin/system.properties 
2018/05/07 11:21:45 INFO  - jmeter.JMeter: Copyright (c) 1998-2014 The Apache Software Foundation 
2018/05/07 11:21:45 INFO  - jmeter.JMeter: Version 2.11.20151206 
2018/05/07 11:21:45 INFO  - jmeter.JMeter: java.version=1.8.0_171 
2018/05/07 11:21:45 INFO  - jmeter.JMeter: java.vm.name=Java HotSpot(TM) 64-Bit Server VM 
2018/05/07 11:21:45 INFO  - jmeter.JMeter: os.name=Linux 
2018/05/07 11:21:45 INFO  - jmeter.JMeter: os.arch=amd64 
2018/05/07 11:21:45 INFO  - jmeter.JMeter: os.version=4.13.0-39-generic 
2018/05/07 11:21:45 INFO  - jmeter.JMeter: file.encoding=UTF-8 
2018/05/07 11:21:45 INFO  - jmeter.JMeter: Default Locale=English (United States) 
2018/05/07 11:21:45 INFO  - jmeter.JMeter: JMeter  Locale=English (United States) 
2018/05/07 11:21:45 INFO  - jmeter.JMeter: JMeterHome=/usr/share/jmeter 
2018/05/07 11:21:45 INFO  - jmeter.JMeter: user.dir  =/home/sqa-user 
2018/05/07 11:21:45 INFO  - jmeter.JMeter: PWD       =/home/sqa-user 
2018/05/07 11:21:45 INFO  - jmeter.JMeter: IP: 127.0.1.1 Name: sqa-linux-pc FullName: sqa-linux-pc 
2018/05/07 11:21:45 INFO  - jmeter.JMeter: Loaded icon properties from org/apache/jmeter/images/icon.properties 
2018/05/07 11:21:46 INFO  - jmeter.engine.util.CompoundVariable: Note: Function class names must contain the string: '.functions.' 
2018/05/07 11:21:46 INFO  - jmeter.engine.util.CompoundVariable: Note: Function class names must not contain the string: '.gui.' 
2018/05/07 11:21:47 INFO  - jmeter.gui.action.LookAndFeelCommand: Using look and feel: javax.swing.plaf.metal.MetalLookAndFeel [Metal, CrossPlatform] 
2018/05/07 11:21:48 INFO  - jmeter.util.BSFTestElement: Registering JMeter version of JavaScript engine as work-round for BSF-22 
2018/05/07 11:21:49 INFO  - jmeter.samplers.SampleResult: Note: Sample TimeStamps are START times 
2018/05/07 11:21:49 INFO  - jmeter.samplers.SampleResult: sampleresult.default.encoding is set to ISO-8859-1 
2018/05/07 11:21:49 INFO  - jmeter.samplers.SampleResult: sampleresult.useNanoTime=true 
2018/05/07 11:21:49 INFO  - jmeter.samplers.SampleResult: sampleresult.nanoThreadSleep=5000 
